<?xml version="1.0" encoding="UTF-8"?>
<!-- Generated by org.testng.reporters.JUnitReportReporter -->
<testsuite hostname="DESKTOP-77JML9D" failures="0" tests="1" name="com.tests.WordPressLoginTest" time="15.259" errors="0" timestamp="2020-09-27T11:53:01 CDT" skipped="0">
  <testcase classname="com.tests.WordPressLoginTest" name="loginTest" time="15.259"/>
  <system-out/>
</testsuite> <!-- com.tests.WordPressLoginTest -->
