<?xml version="1.0" encoding="UTF-8"?>
<!-- Generated by org.testng.reporters.JUnitReportReporter -->
<testsuite hostname="DESKTOP-77JML9D" failures="0" tests="1" name="com.tests.AppTest" time="0.020" errors="0" timestamp="2020-09-27T11:13:10 CDT" skipped="0">
  <testcase classname="com.tests.AppTest" name="shouldAnswerWithTrue" time="0.020"/>
  <system-out/>
</testsuite> <!-- com.tests.AppTest -->
